Original_model_personalization/android/app/build/intermediates/manifest_merge_blame_file/debug/manifest-merger-blame-debug-report.txt
1<?xml version="1.0" encoding="utf-8"?>
2<manifest xmlns:android="http://schemas.android.com/apk/res/android"
3    package="org.tensorflow.lite.examples.transfer"
4    android:versionCode="1"
5    android:versionName="1.0" >
6
7    <uses-sdk
8        android:minSdkVersion="21"
8-->src\main\AndroidManifest.xml
9        android:targetSdkVersion="30" />
9-->src\main\AndroidManifest.xml
10
11    <uses-permission android:name="android.permission.CAMERA" />
11-->src\main\AndroidManifest.xml:7:3-63
11-->src\main\AndroidManifest.xml:7:20-60
12    <uses-permission android:name="android.permission.WRITE_EXTERNAL_STORAGE" />
12-->src\main\AndroidManifest.xml:8:3-78
12-->src\main\AndroidManifest.xml:8:20-76
13    <uses-permission android:name="android.permission.READ_EXTERNAL_STORAGE" />
13-->src\main\AndroidManifest.xml:9:3-77
13-->src\main\AndroidManifest.xml:9:20-75
14    <uses-permission android:name="android.permission.MANAGE_EXTERNAL_STORAGE" />
14-->src\main\AndroidManifest.xml:10:3-11:38
14-->src\main\AndroidManifest.xml:10:20-77
15
16    <uses-feature android:name="android.hardware.camera" />
16-->src\main\AndroidManifest.xml:14:3-58
16-->src\main\AndroidManifest.xml:14:17-55
17    <uses-feature android:name="android.hardware.camera.autofocus" />
17-->src\main\AndroidManifest.xml:15:3-68
17-->src\main\AndroidManifest.xml:15:17-65
18
19    <application
19-->src\main\AndroidManifest.xml:17:3-38:17
20        android:allowBackup="true"
20-->src\main\AndroidManifest.xml:21:7-33
21        android:appComponentFactory="androidx.core.app.CoreComponentFactory"
21-->[androidx.core:core:1.5.0] AndroidManifest.xml:24:18-86
22        android:configChanges="orientation"
22-->src\main\AndroidManifest.xml:22:7-42
23        android:debuggable="true"
24        android:hardwareAccelerated="true"
24-->src\main\AndroidManifest.xml:18:7-41
25        android:icon="@mipmap/ic_launcher"
25-->src\main\AndroidManifest.xml:23:7-41
26        android:label="@string/app_name"
26-->src\main\AndroidManifest.xml:25:7-39
27        android:largeHeap="true"
27-->src\main\AndroidManifest.xml:19:7-31
28        android:requestLegacyExternalStorage="true"
28-->src\main\AndroidManifest.xml:24:7-50
29        android:roundIcon="@mipmap/ic_launcher_round"
29-->src\main\AndroidManifest.xml:26:7-52
30        android:supportsRtl="true"
30-->src\main\AndroidManifest.xml:27:7-33
31        android:taskAffinity=""
31-->src\main\AndroidManifest.xml:20:7-30
32        android:testOnly="true"
33        android:theme="@style/Theme.TransferLearningDemoApp" >
33-->src\main\AndroidManifest.xml:28:7-59
34        <activity
34-->src\main\AndroidManifest.xml:29:5-37:16
35            android:name="org.tensorflow.lite.examples.transfer.MainActivity"
35-->src\main\AndroidManifest.xml:30:9-37
36            android:exported="true"
36-->src\main\AndroidManifest.xml:31:9-32
37            android:screenOrientation="portrait" >
37-->src\main\AndroidManifest.xml:32:9-45
38            <intent-filter>
38-->src\main\AndroidManifest.xml:33:7-36:23
39                <action android:name="android.intent.action.MAIN" />
39-->src\main\AndroidManifest.xml:34:9-61
39-->src\main\AndroidManifest.xml:34:17-58
40
41                <category android:name="android.intent.category.LAUNCHER" />
41-->src\main\AndroidManifest.xml:35:9-69
41-->src\main\AndroidManifest.xml:35:19-66
42            </intent-filter>
43        </activity>
44
45        <provider
45-->[androidx.camera:camera-camera2:1.0.0-alpha04] AndroidManifest.xml:25:9-30:43
46            android:name="androidx.camera.camera2.impl.Camera2Initializer"
46-->[androidx.camera:camera-camera2:1.0.0-alpha04] AndroidManifest.xml:26:13-75
47            android:authorities="org.tensorflow.lite.examples.transfer.camerax-init"
47-->[androidx.camera:camera-camera2:1.0.0-alpha04] AndroidManifest.xml:27:13-64
48            android:exported="false"
48-->[androidx.camera:camera-camera2:1.0.0-alpha04] AndroidManifest.xml:28:13-37
49            android:initOrder="100"
49-->[androidx.camera:camera-camera2:1.0.0-alpha04] AndroidManifest.xml:29:13-36
50            android:multiprocess="true" />
50-->[androidx.camera:camera-camera2:1.0.0-alpha04] AndroidManifest.xml:30:13-40
51        <provider
51-->[androidx.lifecycle:lifecycle-process:2.1.0] AndroidManifest.xml:23:9-27:43
52            android:name="androidx.lifecycle.ProcessLifecycleOwnerInitializer"
52-->[androidx.lifecycle:lifecycle-process:2.1.0] AndroidManifest.xml:24:13-79
53            android:authorities="org.tensorflow.lite.examples.transfer.lifecycle-process"
53-->[androidx.lifecycle:lifecycle-process:2.1.0] AndroidManifest.xml:25:13-69
54            android:exported="false"
54-->[androidx.lifecycle:lifecycle-process:2.1.0] AndroidManifest.xml:26:13-37
55            android:multiprocess="true" />
55-->[androidx.lifecycle:lifecycle-process:2.1.0] AndroidManifest.xml:27:13-40
56    </application>
57
58</manifest>